<?xml version="1.0" encoding="UTF-8"?>
<!-- Generated by org.testng.reporters.JUnitXMLReporter -->
<testsuite hostname="THQ1LTAMOMAR" name="Default test" tests="2" failures="0" timestamp="1 Oct 2018 17:54:40 GMT" time="0.03" errors="0">
  <testcase name="ComposeEmail" time="0.0" classname="app.crossover.com.gmail.testcases">
    <skipped/>
  </testcase> <!-- ComposeEmail -->
  <testcase name="CheckReceiver" time="0.0" classname="app.crossover.com.gmail.testcases">
    <skipped/>
  </testcase> <!-- CheckReceiver -->
</testsuite> <!-- Default test -->
