<?xml version="1.0" encoding="UTF-8"?>
<testng-results skipped="0" failed="0" total="2" passed="2">
  <reporter-output>
  </reporter-output>
  <suite name="Suite" duration-ms="76637" started-at="2018-10-21T15:48:40Z" finished-at="2018-10-21T15:49:57Z">
    <groups>
    </groups>
    <test name="email sending functionality via Gmail" duration-ms="76637" started-at="2018-10-21T15:48:40Z" finished-at="2018-10-21T15:49:57Z">
      <class name="app.crossover.com.gmail.testcases">
        <test-method status="PASS" signature="beforeMethod(java.lang.String, java.lang.String)[pri:0, instance:app.crossover.com.gmail.testcases@87a85e1]" name="beforeMethod" is-config="true" duration-ms="7643" started-at="2018-10-21T18:48:40Z" finished-at="2018-10-21T18:48:48Z">
          <params>
            <param index="0">
              <value>
                <![CDATA[chrome]]>
              </value>
            </param>
            <param index="1">
              <value>
                <![CDATA[http://gmail.com]]>
              </value>
            </param>
          </params>
          <reporter-output>
          </reporter-output>
        </test-method> <!-- beforeMethod -->
        <test-method status="PASS" signature="ComposeEmail(java.lang.String, java.lang.String, java.lang.String, java.lang.String)[pri:1, instance:app.crossover.com.gmail.testcases@87a85e1]" name="ComposeEmail" duration-ms="38916" started-at="2018-10-21T18:48:48Z" finished-at="2018-10-21T18:49:27Z">
          <params>
            <param index="0">
              <value>
                <![CDATA[CrossoverSender1@gmail.com]]>
              </value>
            </param>
            <param index="1">
              <value>
                <![CDATA[P@ssw0rd@123]]>
              </value>
            </param>
            <param index="2">
              <value>
                <![CDATA[CrossoverReceiver@gmail.com]]>
              </value>
            </param>
            <param index="3">
              <value>
                <![CDATA[P@ssw0rd@123]]>
              </value>
            </param>
          </params>
          <reporter-output>
          </reporter-output>
        </test-method> <!-- ComposeEmail -->
        <test-method status="PASS" signature="afterMethod()[pri:0, instance:app.crossover.com.gmail.testcases@87a85e1]" name="afterMethod" is-config="true" duration-ms="1388" started-at="2018-10-21T18:49:27Z" finished-at="2018-10-21T18:49:28Z">
          <reporter-output>
          </reporter-output>
        </test-method> <!-- afterMethod -->
        <test-method status="PASS" signature="beforeMethod(java.lang.String, java.lang.String)[pri:0, instance:app.crossover.com.gmail.testcases@87a85e1]" name="beforeMethod" is-config="true" duration-ms="5745" started-at="2018-10-21T18:49:28Z" finished-at="2018-10-21T18:49:34Z">
          <params>
            <param index="0">
              <value>
                <![CDATA[chrome]]>
              </value>
            </param>
            <param index="1">
              <value>
                <![CDATA[http://gmail.com]]>
              </value>
            </param>
          </params>
          <reporter-output>
          </reporter-output>
        </test-method> <!-- beforeMethod -->
        <test-method status="PASS" signature="CheckReceiver(java.lang.String, java.lang.String)[pri:2, instance:app.crossover.com.gmail.testcases@87a85e1]" name="CheckReceiver" duration-ms="21699" started-at="2018-10-21T18:49:34Z" finished-at="2018-10-21T18:49:55Z">
          <params>
            <param index="0">
              <value>
                <![CDATA[CrossoverReceiver@gmail.com]]>
              </value>
            </param>
            <param index="1">
              <value>
                <![CDATA[P@ssw0rd@123]]>
              </value>
            </param>
          </params>
          <reporter-output>
          </reporter-output>
        </test-method> <!-- CheckReceiver -->
        <test-method status="PASS" signature="afterMethod()[pri:0, instance:app.crossover.com.gmail.testcases@87a85e1]" name="afterMethod" is-config="true" duration-ms="1190" started-at="2018-10-21T18:49:55Z" finished-at="2018-10-21T18:49:57Z">
          <reporter-output>
          </reporter-output>
        </test-method> <!-- afterMethod -->
      </class> <!-- app.crossover.com.gmail.testcases -->
    </test> <!-- email sending functionality via Gmail -->
  </suite> <!-- Suite -->
</testng-results>
