<?xml version="1.0" encoding="UTF-8"?>
<!-- Generated by org.testng.reporters.JUnitXMLReporter -->
<testsuite hostname="THQ1LTAMOMAR" name="email sending functionality via Gmail(failed)" tests="1" failures="1" timestamp="6 Oct 2018 08:57:40 GMT" time="8.162" errors="0">
  <testcase name="CheckReceiver" time="1.716" classname="app.crossover.com.gmail.testcases">
    <failure type="java.lang.NullPointerException">
      <![CDATA[java.lang.NullPointerException
	at PageObjects.PomGmailHomePage.getEmails(PomGmailHomePage.java:28)
	at app.crossover.com.gmail.SharedMethod.SearchEmailmthd(SharedMethod.java:93)
	at app.crossover.com.gmail.testcases.CheckReceiver(testcases.java:44)
... Removed 24 stack frames]]>
    </failure>
  </testcase> <!-- CheckReceiver -->
</testsuite> <!-- email sending functionality via Gmail(failed) -->
