<?xml version="1.0" encoding="UTF-8"?>
<!-- Generated by org.testng.reporters.JUnitXMLReporter -->
<testsuite hostname="THQ1LTAMOMAR" name="email sending functionality via Gmail" tests="2" failures="0" timestamp="21 Oct 2018 15:49:57 GMT" time="76.637" errors="0">
  <testcase name="ComposeEmail" time="38.916" classname="app.crossover.com.gmail.testcases"/>
  <testcase name="CheckReceiver" time="21.699" classname="app.crossover.com.gmail.testcases"/>
</testsuite> <!-- email sending functionality via Gmail -->
